This file contains any messages produced by compilers while
running configure, to aid debugging if configure makes a mistake.

It was created by expat configure 2.2.5, which was
generated by GNU Autoconf 2.69.  Invocation command line was

  $ ./configure --prefix=/home/epl/Jan_7/Linux-Test-Framework/output/host --sysconfdir=/home/epl/Jan_7/Linux-Test-Framework/output/host/etc --localstatedir=/home/epl/Jan_7/Linux-Test-Framework/output/host/var --enable-shared --disable-static --disable-gtk-doc --disable-gtk-doc-html --disable-doc --disable-docs --disable-documentation --disable-debug --with-xmlto=no --with-fop=no --disable-dependency-tracking

## --------- ##
## Platform. ##
## --------- ##

hostname = ERS-EPL-DS-E06995E6B25F
uname -m = x86_64
uname -r = 4.15.0-43-generic
uname -s = Linux
uname -v = #46~16.04.1-Ubuntu SMP Fri Dec 7 13:31:08 UTC 2018

/usr/bin/uname -p = unknown
/bin/uname -X     = unknown

/bin/arch              = unknown
/usr/bin/arch -k       = unknown
/usr/convex/getsysinfo = unknown
/usr/bin/hostinfo      = unknown
/bin/machine           = unknown
/usr/bin/oslevel       = unknown
/bin/universe          = unknown

PATH: /home/epl/Jan_7/Linux-Test-Framework/output/host/bin
PATH: /home/epl/Jan_7/Linux-Test-Framework/output/host/sbin
PATH: /home/epl/arjun/Git_Checkin_Demo/Framework/Cross-compiler/bin
PATH: /home/epl/arjun/Git_Checkin_Demo/Framework/Linux-Kernel/Linux/Cross-compiler/bin
PATH: /home/epl/mynewt/gcc-arm-none-eabi-7-2018-q2-update/bin
PATH: /opt/linaro/gcc-linaro-7.2.1-2017.11-x86_64_arm-linux-gnueabihf/bin
PATH: /home/epl/bin
PATH: /home/epl/.local/bin
PATH: /usr/local/sbin
PATH: /usr/local/bin
PATH: /usr/sbin
PATH: /usr/bin
PATH: /sbin
PATH: /bin
PATH: /usr/games
PATH: /usr/local/games
PATH: /snap/bin


## ----------- ##
## Core tests. ##
## ----------- ##

configure:2486: checking for a BSD-compatible install
configure:2554: result: /usr/bin/install -c
configure:2565: checking whether build environment is sane
configure:2620: result: yes
configure:2771: checking for a thread-safe mkdir -p
configure:2810: result: /bin/mkdir -p
configure:2817: checking for gawk
configure:2833: found /usr/bin/gawk
configure:2844: result: gawk
configure:2855: checking whether make sets $(MAKE)
configure:2877: result: yes
configure:2906: checking whether make supports nested variables
configure:2923: result: yes
configure:3068: checking build system type
configure:3082: result: x86_64-pc-linux-gnu
configure:3102: checking host system type
configure:3115: result: x86_64-pc-linux-gnu
configure:3484: checking how to print strings
configure:3511: result: printf
configure:3544: checking for style of include used by make
configure:3572: result: GNU
configure:3643: checking for gcc
configure:3670: result: /usr/bin/gcc
configure:3899: checking for C compiler version
configure:3908: /usr/bin/gcc --version >&5
gcc (Ubuntu 5.4.0-6ubuntu1~16.04.11) 5.4.0 20160609
Copyright (C) 2015 Free Software Foundation, Inc.
This is free software; see the source for copying conditions.  There is NO
warranty; not even for MERCHANTABILITY or FITNESS FOR A PARTICULAR PURPOSE.

configure:3919: $? = 0
configure:3908: /usr/bin/gcc -v >&5
Using built-in specs.
COLLECT_GCC=/usr/bin/gcc
COLLECT_LTO_WRAPPER=/usr/lib/gcc/x86_64-linux-gnu/5/lto-wrapper
Target: x86_64-linux-gnu
Configured with: ../src/configure -v --with-pkgversion='Ubuntu 5.4.0-6ubuntu1~16.04.11' --with-bugurl=file:///usr/share/doc/gcc-5/README.Bugs --enable-languages=c,ada,c++,java,go,d,fortran,objc,obj-c++ --prefix=/usr --program-suffix=-5 --enable-shared --enable-linker-build-id --libexecdir=/usr/lib --without-included-gettext --enable-threads=posix --libdir=/usr/lib --enable-nls --with-sysroot=/ --enable-clocale=gnu --enable-libstdcxx-debug --enable-libstdcxx-time=yes --with-default-libstdcxx-abi=new --enable-gnu-unique-object --disable-vtable-verify --enable-libmpx --enable-plugin --with-system-zlib --disable-browser-plugin --enable-java-awt=gtk --enable-gtk-cairo --with-java-home=/usr/lib/jvm/java-1.5.0-gcj-5-amd64/jre --enable-java-home --with-jvm-root-dir=/usr/lib/jvm/java-1.5.0-gcj-5-amd64 --with-jvm-jar-dir=/usr/lib/jvm-exports/java-1.5.0-gcj-5-amd64 --with-arch-directory=amd64 --with-ecj-jar=/usr/share/java/eclipse-ecj.jar --enable-objc-gc --enable-multiarch --disable-werror --with-arch-32=i686 --with-abi=m64 --with-multilib-list=m32,m64,mx32 --enable-multilib --with-tune=generic --enable-checking=release --build=x86_64-linux-gnu --host=x86_64-linux-gnu --target=x86_64-linux-gnu
Thread model: posix
gcc version 5.4.0 20160609 (Ubuntu 5.4.0-6ubuntu1~16.04.11) 
configure:3919: $? = 0
configure:3908: /usr/bin/gcc -V >&5
gcc: error: unrecognized command line option '-V'
gcc: fatal error: no input files
compilation terminated.
configure:3919: $? = 1
configure:3908: /usr/bin/gcc -qversion >&5
gcc: error: unrecognized command line option '-qversion'
gcc: fatal error: no input files
compilation terminated.
configure:3919: $? = 1
configure:3939: checking whether the C compiler works
configure:3961: /usr/bin/gcc -O2 -I/home/epl/Jan_7/Linux-Test-Framework/output/host/include -I/home/epl/Jan_7/Linux-Test-Framework/output/host/include -DHAVE_EXPAT_CONFIG_H -L/home/epl/Jan_7/Linux-Test-Framework/output/host/lib -Wl,-rpath,/home/epl/Jan_7/Linux-Test-Framework/output/host/lib conftest.c  >&5
configure:3965: $? = 0
configure:4013: result: yes
configure:4016: checking for C compiler default output file name
configure:4018: result: a.out
configure:4024: checking for suffix of executables
configure:4031: /usr/bin/gcc -o conftest -O2 -I/home/epl/Jan_7/Linux-Test-Framework/output/host/include -I/home/epl/Jan_7/Linux-Test-Framework/output/host/include -DHAVE_EXPAT_CONFIG_H -L/home/epl/Jan_7/Linux-Test-Framework/output/host/lib -Wl,-rpath,/home/epl/Jan_7/Linux-Test-Framework/output/host/lib conftest.c  >&5
configure:4035: $? = 0
configure:4057: result: 
configure:4079: checking whether we are cross compiling
configure:4087: /usr/bin/gcc -o conftest -O2 -I/home/epl/Jan_7/Linux-Test-Framework/output/host/include -I/home/epl/Jan_7/Linux-Test-Framework/output/host/include -DHAVE_EXPAT_CONFIG_H -L/home/epl/Jan_7/Linux-Test-Framework/output/host/lib -Wl,-rpath,/home/epl/Jan_7/Linux-Test-Framework/output/host/lib conftest.c  >&5
configure:4091: $? = 0
configure:4098: ./conftest
configure:4102: $? = 0
configure:4117: result: no
configure:4122: checking for suffix of object files
configure:4144: /usr/bin/gcc -c -O2 -I/home/epl/Jan_7/Linux-Test-Framework/output/host/include -I/home/epl/Jan_7/Linux-Test-Framework/output/host/include -DHAVE_EXPAT_CONFIG_H conftest.c >&5
configure:4148: $? = 0
configure:4169: result: o
configure:4173: checking whether we are using the GNU C compiler
configure:4192: /usr/bin/gcc -c -O2 -I/home/epl/Jan_7/Linux-Test-Framework/output/host/include -I/home/epl/Jan_7/Linux-Test-Framework/output/host/include -DHAVE_EXPAT_CONFIG_H conftest.c >&5
configure:4192: $? = 0
configure:4201: result: yes
configure:4210: checking whether /usr/bin/gcc accepts -g
configure:4230: /usr/bin/gcc -c -g -I/home/epl/Jan_7/Linux-Test-Framework/output/host/include -DHAVE_EXPAT_CONFIG_H conftest.c >&5
configure:4230: $? = 0
configure:4271: result: yes
configure:4288: checking for /usr/bin/gcc option to accept ISO C89
configure:4351: /usr/bin/gcc  -c -O2 -I/home/epl/Jan_7/Linux-Test-Framework/output/host/include -I/home/epl/Jan_7/Linux-Test-Framework/output/host/include -DHAVE_EXPAT_CONFIG_H conftest.c >&5
configure:4351: $? = 0
configure:4364: result: none needed
configure:4389: checking whether /usr/bin/gcc understands -c and -o together
configure:4411: /usr/bin/gcc -c conftest.c -o conftest2.o
configure:4414: $? = 0
configure:4411: /usr/bin/gcc -c conftest.c -o conftest2.o
configure:4414: $? = 0
configure:4426: result: yes
configure:4445: checking dependency style of /usr/bin/gcc
configure:4556: result: none
configure:4571: checking for a sed that does not truncate output
configure:4635: result: /bin/sed
configure:4653: checking for grep that handles long lines and -e
configure:4711: result: /bin/grep
configure:4716: checking for egrep
configure:4778: result: /bin/grep -E
configure:4783: checking for fgrep
configure:4845: result: /bin/grep -F
configure:4880: checking for ld used by /usr/bin/gcc
configure:4947: result: /usr/bin/ld
configure:4954: checking if the linker (/usr/bin/ld) is GNU ld
configure:4969: result: yes
configure:4981: checking for BSD- or MS-compatible name lister (nm)
configure:5035: result: /usr/bin/nm
configure:5165: checking the name lister (/usr/bin/nm) interface
configure:5172: /usr/bin/gcc -c -O2 -I/home/epl/Jan_7/Linux-Test-Framework/output/host/include -I/home/epl/Jan_7/Linux-Test-Framework/output/host/include -DHAVE_EXPAT_CONFIG_H conftest.c >&5
configure:5175: /usr/bin/nm "conftest.o"
configure:5178: output
0000000000000000 B some_variable
configure:5185: result: BSD nm
configure:5188: checking whether ln -s works
configure:5192: result: yes
configure:5200: checking the maximum length of command line arguments
configure:5336: result: 1572864
configure:5384: checking how to convert x86_64-pc-linux-gnu file names to x86_64-pc-linux-gnu format
configure:5424: result: func_convert_file_noop
configure:5431: checking how to convert x86_64-pc-linux-gnu file names to toolchain format
configure:5451: result: func_convert_file_noop
configure:5458: checking for /usr/bin/ld option to reload object files
configure:5465: result: -r
configure:5539: checking for objdump
configure:5566: result: objdump
configure:5595: checking how to recognize dependent libraries
configure:5795: result: pass_all
configure:5880: checking for dlltool
configure:5907: result: dlltool
configure:5937: checking how to associate runtime and link libraries
configure:5964: result: printf %s\n
configure:6089: checking for archiver @FILE support
configure:6106: /usr/bin/gcc -c -O2 -I/home/epl/Jan_7/Linux-Test-Framework/output/host/include -I/home/epl/Jan_7/Linux-Test-Framework/output/host/include -DHAVE_EXPAT_CONFIG_H conftest.c >&5
configure:6106: $? = 0
configure:6109: /usr/bin/ar cru libconftest.a @conftest.lst >&5
/usr/bin/ar: `u' modifier ignored since `D' is the default (see `U')
configure:6112: $? = 0
configure:6117: /usr/bin/ar cru libconftest.a @conftest.lst >&5
/usr/bin/ar: `u' modifier ignored since `D' is the default (see `U')
/usr/bin/ar: conftest.o: No such file or directory
configure:6120: $? = 1
configure:6132: result: @
configure:6190: checking for strip
configure:6206: found /usr/bin/strip
configure:6217: result: strip
configure:6289: checking for ranlib
configure:6316: result: /usr/bin/ranlib
configure:6418: checking command to parse /usr/bin/nm output from /usr/bin/gcc object
configure:6571: /usr/bin/gcc -c -O2 -I/home/epl/Jan_7/Linux-Test-Framework/output/host/include -I/home/epl/Jan_7/Linux-Test-Framework/output/host/include -DHAVE_EXPAT_CONFIG_H conftest.c >&5
configure:6574: $? = 0
configure:6578: /usr/bin/nm conftest.o \| sed -n -e 's/^.*[ ]\([ABCDGIRSTW][ABCDGIRSTW]*\)[ ][ ]*\([_A-Za-z][_A-Za-z0-9]*\)$/\1 \2 \2/p' | sed '/ __gnu_lto/d' \> conftest.nm
configure:6581: $? = 0
configure:6647: /usr/bin/gcc -o conftest -O2 -I/home/epl/Jan_7/Linux-Test-Framework/output/host/include -I/home/epl/Jan_7/Linux-Test-Framework/output/host/include -DHAVE_EXPAT_CONFIG_H -L/home/epl/Jan_7/Linux-Test-Framework/output/host/lib -Wl,-rpath,/home/epl/Jan_7/Linux-Test-Framework/output/host/lib conftest.c conftstm.o >&5
configure:6650: $? = 0
configure:6688: result: ok
configure:6735: checking for sysroot
configure:6765: result: no
configure:6772: checking for a working dd
configure:6810: result: /bin/dd
configure:6814: checking how to truncate binary pipes
configure:6829: result: /bin/dd bs=4096 count=1
configure:6965: /usr/bin/gcc -c -O2 -I/home/epl/Jan_7/Linux-Test-Framework/output/host/include -I/home/epl/Jan_7/Linux-Test-Framework/output/host/include -DHAVE_EXPAT_CONFIG_H conftest.c >&5
configure:6968: $? = 0
configure:7158: checking for mt
configure:7174: found /bin/mt
configure:7185: result: mt
configure:7208: checking if mt is a manifest tool
configure:7214: mt '-?'
configure:7222: result: no
configure:7899: checking how to run the C preprocessor
configure:7969: result: /usr/bin/cpp
configure:7989: /usr/bin/cpp -I/home/epl/Jan_7/Linux-Test-Framework/output/host/include -DHAVE_EXPAT_CONFIG_H conftest.c
configure:7989: $? = 0
configure:8003: /usr/bin/cpp -I/home/epl/Jan_7/Linux-Test-Framework/output/host/include -DHAVE_EXPAT_CONFIG_H conftest.c
conftest.c:11:28: fatal error: ac_nonexistent.h: No such file or directory
compilation terminated.
configure:8003: $? = 1
configure: failed program was:
| /* confdefs.h */
| #define PACKAGE_NAME "expat"
| #define PACKAGE_TARNAME "expat"
| #define PACKAGE_VERSION "2.2.5"
| #define PACKAGE_STRING "expat 2.2.5"
| #define PACKAGE_BUGREPORT "expat-bugs@libexpat.org"
| #define PACKAGE_URL ""
| #define PACKAGE "expat"
| #define VERSION "2.2.5"
| /* end confdefs.h.  */
| #include <ac_nonexistent.h>
configure:8032: checking for ANSI C header files
configure:8052: /usr/bin/gcc -c -O2 -I/home/epl/Jan_7/Linux-Test-Framework/output/host/include -I/home/epl/Jan_7/Linux-Test-Framework/output/host/include -DHAVE_EXPAT_CONFIG_H conftest.c >&5
configure:8052: $? = 0
configure:8125: /usr/bin/gcc -o conftest -O2 -I/home/epl/Jan_7/Linux-Test-Framework/output/host/include -I/home/epl/Jan_7/Linux-Test-Framework/output/host/include -DHAVE_EXPAT_CONFIG_H -L/home/epl/Jan_7/Linux-Test-Framework/output/host/lib -Wl,-rpath,/home/epl/Jan_7/Linux-Test-Framework/output/host/lib conftest.c  >&5
configure:8125: $? = 0
configure:8125: ./conftest
configure:8125: $? = 0
configure:8136: result: yes
configure:8149: checking for sys/types.h
configure:8149: /usr/bin/gcc -c -O2 -I/home/epl/Jan_7/Linux-Test-Framework/output/host/include -I/home/epl/Jan_7/Linux-Test-Framework/output/host/include -DHAVE_EXPAT_CONFIG_H conftest.c >&5
configure:8149: $? = 0
configure:8149: result: yes
configure:8149: checking for sys/stat.h
configure:8149: /usr/bin/gcc -c -O2 -I/home/epl/Jan_7/Linux-Test-Framework/output/host/include -I/home/epl/Jan_7/Linux-Test-Framework/output/host/include -DHAVE_EXPAT_CONFIG_H conftest.c >&5
configure:8149: $? = 0
configure:8149: result: yes
configure:8149: checking for stdlib.h
configure:8149: /usr/bin/gcc -c -O2 -I/home/epl/Jan_7/Linux-Test-Framework/output/host/include -I/home/epl/Jan_7/Linux-Test-Framework/output/host/include -DHAVE_EXPAT_CONFIG_H conftest.c >&5
configure:8149: $? = 0
configure:8149: result: yes
configure:8149: checking for string.h
configure:8149: /usr/bin/gcc -c -O2 -I/home/epl/Jan_7/Linux-Test-Framework/output/host/include -I/home/epl/Jan_7/Linux-Test-Framework/output/host/include -DHAVE_EXPAT_CONFIG_H conftest.c >&5
configure:8149: $? = 0
configure:8149: result: yes
configure:8149: checking for memory.h
configure:8149: /usr/bin/gcc -c -O2 -I/home/epl/Jan_7/Linux-Test-Framework/output/host/include -I/home/epl/Jan_7/Linux-Test-Framework/output/host/include -DHAVE_EXPAT_CONFIG_H conftest.c >&5
configure:8149: $? = 0
configure:8149: result: yes
configure:8149: checking for strings.h
configure:8149: /usr/bin/gcc -c -O2 -I/home/epl/Jan_7/Linux-Test-Framework/output/host/include -I/home/epl/Jan_7/Linux-Test-Framework/output/host/include -DHAVE_EXPAT_CONFIG_H conftest.c >&5
configure:8149: $? = 0
configure:8149: result: yes
configure:8149: checking for inttypes.h
configure:8149: /usr/bin/gcc -c -O2 -I/home/epl/Jan_7/Linux-Test-Framework/output/host/include -I/home/epl/Jan_7/Linux-Test-Framework/output/host/include -DHAVE_EXPAT_CONFIG_H conftest.c >&5
configure:8149: $? = 0
configure:8149: result: yes
configure:8149: checking for stdint.h
configure:8149: /usr/bin/gcc -c -O2 -I/home/epl/Jan_7/Linux-Test-Framework/output/host/include -I/home/epl/Jan_7/Linux-Test-Framework/output/host/include -DHAVE_EXPAT_CONFIG_H conftest.c >&5
configure:8149: $? = 0
configure:8149: result: yes
configure:8149: checking for unistd.h
configure:8149: /usr/bin/gcc -c -O2 -I/home/epl/Jan_7/Linux-Test-Framework/output/host/include -I/home/epl/Jan_7/Linux-Test-Framework/output/host/include -DHAVE_EXPAT_CONFIG_H conftest.c >&5
configure:8149: $? = 0
configure:8149: result: yes
configure:8163: checking for dlfcn.h
configure:8163: /usr/bin/gcc -c -O2 -I/home/epl/Jan_7/Linux-Test-Framework/output/host/include -I/home/epl/Jan_7/Linux-Test-Framework/output/host/include -DHAVE_EXPAT_CONFIG_H conftest.c >&5
configure:8163: $? = 0
configure:8163: result: yes
configure:8417: checking for objdir
configure:8432: result: .libs
configure:8696: checking if /usr/bin/gcc supports -fno-rtti -fno-exceptions
configure:8714: /usr/bin/gcc -c -O2 -I/home/epl/Jan_7/Linux-Test-Framework/output/host/include -I/home/epl/Jan_7/Linux-Test-Framework/output/host/include -DHAVE_EXPAT_CONFIG_H -fno-rtti -fno-exceptions conftest.c >&5
cc1: warning: command line option '-fno-rtti' is valid for C++/ObjC++ but not for C
configure:8718: $? = 0
configure:8731: result: no
configure:9089: checking for /usr/bin/gcc option to produce PIC
configure:9096: result: -fPIC -DPIC
configure:9104: checking if /usr/bin/gcc PIC flag -fPIC -DPIC works
configure:9122: /usr/bin/gcc -c -O2 -I/home/epl/Jan_7/Linux-Test-Framework/output/host/include -I/home/epl/Jan_7/Linux-Test-Framework/output/host/include -DHAVE_EXPAT_CONFIG_H -fPIC -DPIC -DPIC conftest.c >&5
configure:9126: $? = 0
configure:9139: result: yes
configure:9168: checking if /usr/bin/gcc static flag -static works
configure:9196: result: yes
configure:9211: checking if /usr/bin/gcc supports -c -o file.o
configure:9232: /usr/bin/gcc -c -O2 -I/home/epl/Jan_7/Linux-Test-Framework/output/host/include -I/home/epl/Jan_7/Linux-Test-Framework/output/host/include -DHAVE_EXPAT_CONFIG_H -o out/conftest2.o conftest.c >&5
configure:9236: $? = 0
configure:9258: result: yes
configure:9266: checking if /usr/bin/gcc supports -c -o file.o
configure:9313: result: yes
configure:9346: checking whether the /usr/bin/gcc linker (/usr/bin/ld -m elf_x86_64) supports shared libraries
configure:10605: result: yes
configure:10642: checking whether -lc should be explicitly linked in
configure:10650: /usr/bin/gcc -c -O2 -I/home/epl/Jan_7/Linux-Test-Framework/output/host/include -I/home/epl/Jan_7/Linux-Test-Framework/output/host/include -DHAVE_EXPAT_CONFIG_H conftest.c >&5
configure:10653: $? = 0
configure:10668: /usr/bin/gcc -shared  -fPIC -DPIC conftest.o  -v -Wl,-soname -Wl,conftest -o conftest 2\>\&1 \| /bin/grep  -lc  \>/dev/null 2\>\&1
configure:10671: $? = 0
configure:10685: result: no
configure:10845: checking dynamic linker characteristics
configure:11439: /usr/bin/gcc -o conftest -O2 -I/home/epl/Jan_7/Linux-Test-Framework/output/host/include -I/home/epl/Jan_7/Linux-Test-Framework/output/host/include -DHAVE_EXPAT_CONFIG_H -L/home/epl/Jan_7/Linux-Test-Framework/output/host/lib -Wl,-rpath,/home/epl/Jan_7/Linux-Test-Framework/output/host/lib -Wl,-rpath -Wl,/foo conftest.c  >&5
configure:11439: $? = 0
configure:11676: result: GNU/Linux ld.so
configure:11798: checking how to hardcode library paths into programs
configure:11823: result: immediate
configure:12371: checking whether stripping libraries is possible
configure:12376: result: yes
configure:12411: checking if libtool supports shared libraries
configure:12413: result: yes
configure:12416: checking whether to build shared libraries
configure:12441: result: yes
configure:12444: checking whether to build static libraries
configure:12448: result: no
configure:12490: checking for /usr/bin/gcc option to accept ISO C99
configure:12639: /usr/bin/gcc  -c -O2 -I/home/epl/Jan_7/Linux-Test-Framework/output/host/include -I/home/epl/Jan_7/Linux-Test-Framework/output/host/include -DHAVE_EXPAT_CONFIG_H conftest.c >&5
configure:12639: $? = 0
configure:12652: result: none needed
configure:12779: checking for C++ compiler version
configure:12788: /usr/bin/g++ --version >&5
g++ (Ubuntu 5.4.0-6ubuntu1~16.04.11) 5.4.0 20160609
Copyright (C) 2015 Free Software Foundation, Inc.
This is free software; see the source for copying conditions.  There is NO
warranty; not even for MERCHANTABILITY or FITNESS FOR A PARTICULAR PURPOSE.

configure:12799: $? = 0
configure:12788: /usr/bin/g++ -v >&5
Using built-in specs.
COLLECT_GCC=/usr/bin/g++
COLLECT_LTO_WRAPPER=/usr/lib/gcc/x86_64-linux-gnu/5/lto-wrapper
Target: x86_64-linux-gnu
Configured with: ../src/configure -v --with-pkgversion='Ubuntu 5.4.0-6ubuntu1~16.04.11' --with-bugurl=file:///usr/share/doc/gcc-5/README.Bugs --enable-languages=c,ada,c++,java,go,d,fortran,objc,obj-c++ --prefix=/usr --program-suffix=-5 --enable-shared --enable-linker-build-id --libexecdir=/usr/lib --without-included-gettext --enable-threads=posix --libdir=/usr/lib --enable-nls --with-sysroot=/ --enable-clocale=gnu --enable-libstdcxx-debug --enable-libstdcxx-time=yes --with-default-libstdcxx-abi=new --enable-gnu-unique-object --disable-vtable-verify --enable-libmpx --enable-plugin --with-system-zlib --disable-browser-plugin --enable-java-awt=gtk --enable-gtk-cairo --with-java-home=/usr/lib/jvm/java-1.5.0-gcj-5-amd64/jre --enable-java-home --with-jvm-root-dir=/usr/lib/jvm/java-1.5.0-gcj-5-amd64 --with-jvm-jar-dir=/usr/lib/jvm-exports/java-1.5.0-gcj-5-amd64 --with-arch-directory=amd64 --with-ecj-jar=/usr/share/java/eclipse-ecj.jar --enable-objc-gc --enable-multiarch --disable-werror --with-arch-32=i686 --with-abi=m64 --with-multilib-list=m32,m64,mx32 --enable-multilib --with-tune=generic --enable-checking=release --build=x86_64-linux-gnu --host=x86_64-linux-gnu --target=x86_64-linux-gnu
Thread model: posix
gcc version 5.4.0 20160609 (Ubuntu 5.4.0-6ubuntu1~16.04.11) 
configure:12799: $? = 0
configure:12788: /usr/bin/g++ -V >&5
g++: error: unrecognized command line option '-V'
g++: fatal error: no input files
compilation terminated.
configure:12799: $? = 1
configure:12788: /usr/bin/g++ -qversion >&5
g++: error: unrecognized command line option '-qversion'
g++: fatal error: no input files
compilation terminated.
configure:12799: $? = 1
configure:12803: checking whether we are using the GNU C++ compiler
configure:12822: /usr/bin/g++ -c -O2 -I/home/epl/Jan_7/Linux-Test-Framework/output/host/include -I/home/epl/Jan_7/Linux-Test-Framework/output/host/include -DHAVE_EXPAT_CONFIG_H conftest.cpp >&5
configure:12822: $? = 0
configure:12831: result: yes
configure:12840: checking whether /usr/bin/g++ accepts -g
configure:12860: /usr/bin/g++ -c -g -I/home/epl/Jan_7/Linux-Test-Framework/output/host/include -DHAVE_EXPAT_CONFIG_H conftest.cpp >&5
configure:12860: $? = 0
configure:12901: result: yes
configure:12926: checking dependency style of /usr/bin/g++
configure:13037: result: none
configure:13070: checking how to run the C++ preprocessor
configure:13097: /usr/bin/g++ -E -I/home/epl/Jan_7/Linux-Test-Framework/output/host/include -DHAVE_EXPAT_CONFIG_H conftest.cpp
configure:13097: $? = 0
configure:13111: /usr/bin/g++ -E -I/home/epl/Jan_7/Linux-Test-Framework/output/host/include -DHAVE_EXPAT_CONFIG_H conftest.cpp
conftest.cpp:23:28: fatal error: ac_nonexistent.h: No such file or directory
compilation terminated.
configure:13111: $? = 1
configure: failed program was:
| /* confdefs.h */
| #define PACKAGE_NAME "expat"
| #define PACKAGE_TARNAME "expat"
| #define PACKAGE_VERSION "2.2.5"
| #define PACKAGE_STRING "expat 2.2.5"
| #define PACKAGE_BUGREPORT "expat-bugs@libexpat.org"
| #define PACKAGE_URL ""
| #define PACKAGE "expat"
| #define VERSION "2.2.5"
| #define STDC_HEADERS 1
| #define HAVE_SYS_TYPES_H 1
| #define HAVE_SYS_STAT_H 1
| #define HAVE_STDLIB_H 1
| #define HAVE_STRING_H 1
| #define HAVE_MEMORY_H 1
| #define HAVE_STRINGS_H 1
| #define HAVE_INTTYPES_H 1
| #define HAVE_STDINT_H 1
| #define HAVE_UNISTD_H 1
| #define HAVE_DLFCN_H 1
| #define LT_OBJDIR ".libs/"
| /* end confdefs.h.  */
| #include <ac_nonexistent.h>
configure:13136: result: /usr/bin/g++ -E
configure:13156: /usr/bin/g++ -E -I/home/epl/Jan_7/Linux-Test-Framework/output/host/include -DHAVE_EXPAT_CONFIG_H conftest.cpp
configure:13156: $? = 0
configure:13170: /usr/bin/g++ -E -I/home/epl/Jan_7/Linux-Test-Framework/output/host/include -DHAVE_EXPAT_CONFIG_H conftest.cpp
conftest.cpp:23:28: fatal error: ac_nonexistent.h: No such file or directory
compilation terminated.
configure:13170: $? = 1
configure: failed program was:
| /* confdefs.h */
| #define PACKAGE_NAME "expat"
| #define PACKAGE_TARNAME "expat"
| #define PACKAGE_VERSION "2.2.5"
| #define PACKAGE_STRING "expat 2.2.5"
| #define PACKAGE_BUGREPORT "expat-bugs@libexpat.org"
| #define PACKAGE_URL ""
| #define PACKAGE "expat"
| #define VERSION "2.2.5"
| #define STDC_HEADERS 1
| #define HAVE_SYS_TYPES_H 1
| #define HAVE_SYS_STAT_H 1
| #define HAVE_STDLIB_H 1
| #define HAVE_STRING_H 1
| #define HAVE_MEMORY_H 1
| #define HAVE_STRINGS_H 1
| #define HAVE_INTTYPES_H 1
| #define HAVE_STDINT_H 1
| #define HAVE_UNISTD_H 1
| #define HAVE_DLFCN_H 1
| #define LT_OBJDIR ".libs/"
| /* end confdefs.h.  */
| #include <ac_nonexistent.h>
configure:13332: checking for ld used by /usr/bin/g++
configure:13399: result: /usr/bin/ld -m elf_x86_64
configure:13406: checking if the linker (/usr/bin/ld -m elf_x86_64) is GNU ld
configure:13421: result: yes
configure:13476: checking whether the /usr/bin/g++ linker (/usr/bin/ld -m elf_x86_64) supports shared libraries
configure:14549: result: yes
configure:14585: /usr/bin/g++ -c -O2 -I/home/epl/Jan_7/Linux-Test-Framework/output/host/include -I/home/epl/Jan_7/Linux-Test-Framework/output/host/include -DHAVE_EXPAT_CONFIG_H conftest.cpp >&5
configure:14588: $? = 0
configure:15069: checking for /usr/bin/g++ option to produce PIC
configure:15076: result: -fPIC -DPIC
configure:15084: checking if /usr/bin/g++ PIC flag -fPIC -DPIC works
configure:15102: /usr/bin/g++ -c -O2 -I/home/epl/Jan_7/Linux-Test-Framework/output/host/include -I/home/epl/Jan_7/Linux-Test-Framework/output/host/include -DHAVE_EXPAT_CONFIG_H -fPIC -DPIC -DPIC conftest.cpp >&5
configure:15106: $? = 0
configure:15119: result: yes
configure:15142: checking if /usr/bin/g++ static flag -static works
configure:15170: result: yes
configure:15182: checking if /usr/bin/g++ supports -c -o file.o
configure:15203: /usr/bin/g++ -c -O2 -I/home/epl/Jan_7/Linux-Test-Framework/output/host/include -I/home/epl/Jan_7/Linux-Test-Framework/output/host/include -DHAVE_EXPAT_CONFIG_H -o out/conftest2.o conftest.cpp >&5
configure:15207: $? = 0
configure:15229: result: yes
configure:15234: checking if /usr/bin/g++ supports -c -o file.o
configure:15281: result: yes
configure:15311: checking whether the /usr/bin/g++ linker (/usr/bin/ld -m elf_x86_64) supports shared libraries
configure:15351: result: yes
configure:15492: checking dynamic linker characteristics
configure:16250: result: GNU/Linux ld.so
configure:16315: checking how to hardcode library paths into programs
configure:16340: result: immediate
configure:16385: checking whether /usr/bin/gcc accepts -fexceptions
configure:16398: /usr/bin/gcc -o conftest -O2 -I/home/epl/Jan_7/Linux-Test-Framework/output/host/include -Wall -Wmissing-prototypes -Wstrict-prototypes -fexceptions -I/home/epl/Jan_7/Linux-Test-Framework/output/host/include -DHAVE_EXPAT_CONFIG_H -L/home/epl/Jan_7/Linux-Test-Framework/output/host/lib -Wl,-rpath,/home/epl/Jan_7/Linux-Test-Framework/output/host/lib conftest.c  >&5
conftest.c:25:1: warning: function declaration isn't a prototype [-Wstrict-prototypes]
 main ()
 ^
configure:16398: $? = 0
configure:16399: result: yes
configure:16416: checking for ANSI C header files
configure:16520: result: yes
configure:16530: checking whether byte ordering is bigendian
configure:16552: /usr/bin/gcc -c -O2 -I/home/epl/Jan_7/Linux-Test-Framework/output/host/include -Wall -Wmissing-prototypes -Wstrict-prototypes -fexceptions -fno-strict-aliasing -I/home/epl/Jan_7/Linux-Test-Framework/output/host/include -DHAVE_EXPAT_CONFIG_H conftest.c >&5
conftest.c:27:1: warning: function declaration isn't a prototype [-Wstrict-prototypes]
 main ()
 ^
configure:16552: $? = 0
configure:16569: /usr/bin/gcc -c -O2 -I/home/epl/Jan_7/Linux-Test-Framework/output/host/include -Wall -Wmissing-prototypes -Wstrict-prototypes -fexceptions -fno-strict-aliasing -I/home/epl/Jan_7/Linux-Test-Framework/output/host/include -DHAVE_EXPAT_CONFIG_H conftest.c >&5
conftest.c:27:1: warning: function declaration isn't a prototype [-Wstrict-prototypes]
 main ()
 ^
conftest.c: In function 'main':
conftest.c:31:2: error: unknown type name 'not'
  not big endian
  ^
conftest.c:31:10: error: expected '=', ',', ';', 'asm' or '__attribute__' before 'endian'
  not big endian
          ^
configure:16569: $? = 1
configure: failed program was:
| /* confdefs.h */
| #define PACKAGE_NAME "expat"
| #define PACKAGE_TARNAME "expat"
| #define PACKAGE_VERSION "2.2.5"
| #define PACKAGE_STRING "expat 2.2.5"
| #define PACKAGE_BUGREPORT "expat-bugs@libexpat.org"
| #define PACKAGE_URL ""
| #define PACKAGE "expat"
| #define VERSION "2.2.5"
| #define STDC_HEADERS 1
| #define HAVE_SYS_TYPES_H 1
| #define HAVE_SYS_STAT_H 1
| #define HAVE_STDLIB_H 1
| #define HAVE_STRING_H 1
| #define HAVE_MEMORY_H 1
| #define HAVE_STRINGS_H 1
| #define HAVE_INTTYPES_H 1
| #define HAVE_STDINT_H 1
| #define HAVE_UNISTD_H 1
| #define HAVE_DLFCN_H 1
| #define LT_OBJDIR ".libs/"
| #define STDC_HEADERS 1
| /* end confdefs.h.  */
| #include <sys/types.h>
| #include <sys/param.h>
| int
| main ()
| {
| 
| #if BYTE_ORDER != BIG_ENDIAN
|  not big endian
| #endif
|   ;
|   return 0;
| }
configure:16605: result: no
configure:16658: checking for an ANSI C-conforming const
configure:16724: /usr/bin/gcc -c -O2 -I/home/epl/Jan_7/Linux-Test-Framework/output/host/include -Wall -Wmissing-prototypes -Wstrict-prototypes -fexceptions -fno-strict-aliasing -I/home/epl/Jan_7/Linux-Test-Framework/output/host/include -DHAVE_EXPAT_CONFIG_H conftest.c >&5
conftest.c:27:1: warning: function declaration isn't a prototype [-Wstrict-prototypes]
 main ()
 ^
configure:16724: $? = 0
configure:16731: result: yes
configure:16739: checking for size_t
configure:16739: /usr/bin/gcc -c -O2 -I/home/epl/Jan_7/Linux-Test-Framework/output/host/include -Wall -Wmissing-prototypes -Wstrict-prototypes -fexceptions -fno-strict-aliasing -I/home/epl/Jan_7/Linux-Test-Framework/output/host/include -DHAVE_EXPAT_CONFIG_H conftest.c >&5
conftest.c:59:1: warning: function declaration isn't a prototype [-Wstrict-prototypes]
 main ()
 ^
configure:16739: $? = 0
configure:16739: /usr/bin/gcc -c -O2 -I/home/epl/Jan_7/Linux-Test-Framework/output/host/include -Wall -Wmissing-prototypes -Wstrict-prototypes -fexceptions -fno-strict-aliasing -I/home/epl/Jan_7/Linux-Test-Framework/output/host/include -DHAVE_EXPAT_CONFIG_H conftest.c >&5
conftest.c:59:1: warning: function declaration isn't a prototype [-Wstrict-prototypes]
 main ()
 ^
conftest.c: In function 'main':
conftest.c:61:21: error: expected expression before ')' token
 if (sizeof ((size_t)))
                     ^
configure:16739: $? = 1
configure: failed program was:
| /* confdefs.h */
| #define PACKAGE_NAME "expat"
| #define PACKAGE_TARNAME "expat"
| #define PACKAGE_VERSION "2.2.5"
| #define PACKAGE_STRING "expat 2.2.5"
| #define PACKAGE_BUGREPORT "expat-bugs@libexpat.org"
| #define PACKAGE_URL ""
| #define PACKAGE "expat"
| #define VERSION "2.2.5"
| #define STDC_HEADERS 1
| #define HAVE_SYS_TYPES_H 1
| #define HAVE_SYS_STAT_H 1
| #define HAVE_STDLIB_H 1
| #define HAVE_STRING_H 1
| #define HAVE_MEMORY_H 1
| #define HAVE_STRINGS_H 1
| #define HAVE_INTTYPES_H 1
| #define HAVE_STDINT_H 1
| #define HAVE_UNISTD_H 1
| #define HAVE_DLFCN_H 1
| #define LT_OBJDIR ".libs/"
| #define STDC_HEADERS 1
| #define BYTEORDER 1234
| /* end confdefs.h.  */
| #include <stdio.h>
| #ifdef HAVE_SYS_TYPES_H
| # include <sys/types.h>
| #endif
| #ifdef HAVE_SYS_STAT_H
| # include <sys/stat.h>
| #endif
| #ifdef STDC_HEADERS
| # include <stdlib.h>
| # include <stddef.h>
| #else
| # ifdef HAVE_STDLIB_H
| #  include <stdlib.h>
| # endif
| #endif
| #ifdef HAVE_STRING_H
| # if !defined STDC_HEADERS && defined HAVE_MEMORY_H
| #  include <memory.h>
| # endif
| # include <string.h>
| #endif
| #ifdef HAVE_STRINGS_H
| # include <strings.h>
| #endif
| #ifdef HAVE_INTTYPES_H
| # include <inttypes.h>
| #endif
| #ifdef HAVE_STDINT_H
| # include <stdint.h>
| #endif
| #ifdef HAVE_UNISTD_H
| # include <unistd.h>
| #endif
| int
| main ()
| {
| if (sizeof ((size_t)))
| 	    return 0;
|   ;
|   return 0;
| }
configure:16739: result: yes
configure:16753: checking for memmove
configure:16753: /usr/bin/gcc -o conftest -O2 -I/home/epl/Jan_7/Linux-Test-Framework/output/host/include -Wall -Wmissing-prototypes -Wstrict-prototypes -fexceptions -fno-strict-aliasing -I/home/epl/Jan_7/Linux-Test-Framework/output/host/include -DHAVE_EXPAT_CONFIG_H -L/home/epl/Jan_7/Linux-Test-Framework/output/host/lib -Wl,-rpath,/home/epl/Jan_7/Linux-Test-Framework/output/host/lib -fno-strict-aliasing conftest.c  >&5
conftest.c:48:1: warning: function declaration isn't a prototype [-Wstrict-prototypes]
 char memmove ();
 ^
conftest.c:48:6: warning: conflicting types for built-in function 'memmove'
 char memmove ();
      ^
conftest.c:57:1: warning: function declaration isn't a prototype [-Wstrict-prototypes]
 main ()
 ^
configure:16753: $? = 0
configure:16753: result: yes
configure:16753: checking for bcopy
configure:16753: /usr/bin/gcc -o conftest -O2 -I/home/epl/Jan_7/Linux-Test-Framework/output/host/include -Wall -Wmissing-prototypes -Wstrict-prototypes -fexceptions -fno-strict-aliasing -I/home/epl/Jan_7/Linux-Test-Framework/output/host/include -DHAVE_EXPAT_CONFIG_H -L/home/epl/Jan_7/Linux-Test-Framework/output/host/lib -Wl,-rpath,/home/epl/Jan_7/Linux-Test-Framework/output/host/lib -fno-strict-aliasing conftest.c  >&5
conftest.c:49:1: warning: function declaration isn't a prototype [-Wstrict-prototypes]
 char bcopy ();
 ^
conftest.c:49:6: warning: conflicting types for built-in function 'bcopy'
 char bcopy ();
      ^
conftest.c:58:1: warning: function declaration isn't a prototype [-Wstrict-prototypes]
 main ()
 ^
configure:16753: $? = 0
configure:16753: result: yes
configure:16864: checking for arc4random_buf (BSD or libbsd)
configure:16879: /usr/bin/gcc -o conftest -O2 -I/home/epl/Jan_7/Linux-Test-Framework/output/host/include -Wall -Wmissing-prototypes -Wstrict-prototypes -fexceptions -fno-strict-aliasing -I/home/epl/Jan_7/Linux-Test-Framework/output/host/include -DHAVE_EXPAT_CONFIG_H -L/home/epl/Jan_7/Linux-Test-Framework/output/host/lib -Wl,-rpath,/home/epl/Jan_7/Linux-Test-Framework/output/host/lib -fno-strict-aliasing conftest.c  >&5
conftest.c:32:7: warning: function declaration isn't a prototype [-Wstrict-prototypes]
   int main() {
       ^
conftest.c: In function 'main':
conftest.c:33:5: warning: implicit declaration of function 'arc4random_buf' [-Wimplicit-function-declaration]
     arc4random_buf(NULL, 0U);
     ^
/tmp/ccPDZ2Mz.o: In function `main':
conftest.c:(.text.startup+0xb): undefined reference to `arc4random_buf'
collect2: error: ld returned 1 exit status
configure:16879: $? = 1
configure: failed program was:
| /* confdefs.h */
| #define PACKAGE_NAME "expat"
| #define PACKAGE_TARNAME "expat"
| #define PACKAGE_VERSION "2.2.5"
| #define PACKAGE_STRING "expat 2.2.5"
| #define PACKAGE_BUGREPORT "expat-bugs@libexpat.org"
| #define PACKAGE_URL ""
| #define PACKAGE "expat"
| #define VERSION "2.2.5"
| #define STDC_HEADERS 1
| #define HAVE_SYS_TYPES_H 1
| #define HAVE_SYS_STAT_H 1
| #define HAVE_STDLIB_H 1
| #define HAVE_STRING_H 1
| #define HAVE_MEMORY_H 1
| #define HAVE_STRINGS_H 1
| #define HAVE_INTTYPES_H 1
| #define HAVE_STDINT_H 1
| #define HAVE_UNISTD_H 1
| #define HAVE_DLFCN_H 1
| #define LT_OBJDIR ".libs/"
| #define STDC_HEADERS 1
| #define BYTEORDER 1234
| #define HAVE_MEMMOVE 1
| #define HAVE_BCOPY 1
| /* end confdefs.h.  */
| 
|   #include <stdlib.h>  /* for arc4random_buf on BSD, for NULL */
|   #if defined(HAVE_LIBBSD)
|   # include <bsd/stdlib.h>
|   #endif
|   int main() {
|     arc4random_buf(NULL, 0U);
|     return 0;
|   }
| 
configure:16889: result: no
configure:16892: checking for arc4random (BSD, macOS or libbsd)
configure:16908: /usr/bin/gcc -o conftest -O2 -I/home/epl/Jan_7/Linux-Test-Framework/output/host/include -Wall -Wmissing-prototypes -Wstrict-prototypes -fexceptions -fno-strict-aliasing -I/home/epl/Jan_7/Linux-Test-Framework/output/host/include -DHAVE_EXPAT_CONFIG_H -L/home/epl/Jan_7/Linux-Test-Framework/output/host/lib -Wl,-rpath,/home/epl/Jan_7/Linux-Test-Framework/output/host/lib -fno-strict-aliasing conftest.c  >&5
conftest.c:33:11: warning: function declaration isn't a prototype [-Wstrict-prototypes]
       int main() {
           ^
conftest.c: In function 'main':
conftest.c:34:11: warning: implicit declaration of function 'arc4random' [-Wimplicit-function-declaration]
           arc4random();
           ^
/tmp/ccpNi0BF.o: In function `main':
conftest.c:(.text.startup+0x7): undefined reference to `arc4random'
collect2: error: ld returned 1 exit status
configure:16908: $? = 1
configure: failed program was:
| /* confdefs.h */
| #define PACKAGE_NAME "expat"
| #define PACKAGE_TARNAME "expat"
| #define PACKAGE_VERSION "2.2.5"
| #define PACKAGE_STRING "expat 2.2.5"
| #define PACKAGE_BUGREPORT "expat-bugs@libexpat.org"
| #define PACKAGE_URL ""
| #define PACKAGE "expat"
| #define VERSION "2.2.5"
| #define STDC_HEADERS 1
| #define HAVE_SYS_TYPES_H 1
| #define HAVE_SYS_STAT_H 1
| #define HAVE_STDLIB_H 1
| #define HAVE_STRING_H 1
| #define HAVE_MEMORY_H 1
| #define HAVE_STRINGS_H 1
| #define HAVE_INTTYPES_H 1
| #define HAVE_STDINT_H 1
| #define HAVE_UNISTD_H 1
| #define HAVE_DLFCN_H 1
| #define LT_OBJDIR ".libs/"
| #define STDC_HEADERS 1
| #define BYTEORDER 1234
| #define HAVE_MEMMOVE 1
| #define HAVE_BCOPY 1
| /* end confdefs.h.  */
| 
|       #if defined(HAVE_LIBBSD)
|       # include <bsd/stdlib.h>
|       #else
|       # include <stdlib.h>
|       #endif
|       int main() {
|           arc4random();
|           return 0;
|       }
| 
configure:16918: result: no
configure:16930: checking for getrandom (Linux 3.17+, glibc 2.25+)
configure:16942: /usr/bin/gcc -o conftest -O2 -I/home/epl/Jan_7/Linux-Test-Framework/output/host/include -Wall -Wmissing-prototypes -Wstrict-prototypes -fexceptions -fno-strict-aliasing -I/home/epl/Jan_7/Linux-Test-Framework/output/host/include -DHAVE_EXPAT_CONFIG_H -L/home/epl/Jan_7/Linux-Test-Framework/output/host/lib -Wl,-rpath,/home/epl/Jan_7/Linux-Test-Framework/output/host/lib -fno-strict-aliasing conftest.c  >&5
conftest.c:29:26: fatal error: sys/random.h: No such file or directory
compilation terminated.
configure:16942: $? = 1
configure: failed program was:
| /* confdefs.h */
| #define PACKAGE_NAME "expat"
| #define PACKAGE_TARNAME "expat"
| #define PACKAGE_VERSION "2.2.5"
| #define PACKAGE_STRING "expat 2.2.5"
| #define PACKAGE_BUGREPORT "expat-bugs@libexpat.org"
| #define PACKAGE_URL ""
| #define PACKAGE "expat"
| #define VERSION "2.2.5"
| #define STDC_HEADERS 1
| #define HAVE_SYS_TYPES_H 1
| #define HAVE_SYS_STAT_H 1
| #define HAVE_STDLIB_H 1
| #define HAVE_STRING_H 1
| #define HAVE_MEMORY_H 1
| #define HAVE_STRINGS_H 1
| #define HAVE_INTTYPES_H 1
| #define HAVE_STDINT_H 1
| #define HAVE_UNISTD_H 1
| #define HAVE_DLFCN_H 1
| #define LT_OBJDIR ".libs/"
| #define STDC_HEADERS 1
| #define BYTEORDER 1234
| #define HAVE_MEMMOVE 1
| #define HAVE_BCOPY 1
| /* end confdefs.h.  */
| 
|   #include <stdlib.h>  /* for NULL */
|   #include <sys/random.h>
|   int main() {
|     return getrandom(NULL, 0U, 0U);
|   }
| 
configure:16952: result: no
configure:16955: checking for syscall SYS_getrandom (Linux 3.17+)
configure:16969: /usr/bin/gcc -o conftest -O2 -I/home/epl/Jan_7/Linux-Test-Framework/output/host/include -Wall -Wmissing-prototypes -Wstrict-prototypes -fexceptions -fno-strict-aliasing -I/home/epl/Jan_7/Linux-Test-Framework/output/host/include -DHAVE_EXPAT_CONFIG_H -L/home/epl/Jan_7/Linux-Test-Framework/output/host/lib -Wl,-rpath,/home/epl/Jan_7/Linux-Test-Framework/output/host/lib -fno-strict-aliasing conftest.c  >&5
conftest.c:31:11: warning: function declaration isn't a prototype [-Wstrict-prototypes]
       int main() {
           ^
configure:16969: $? = 0
configure:16974: result: yes
configure:16994: checking fcntl.h usability
configure:16994: /usr/bin/gcc -c -O2 -I/home/epl/Jan_7/Linux-Test-Framework/output/host/include -Wall -Wmissing-prototypes -Wstrict-prototypes -fexceptions -fno-strict-aliasing -I/home/epl/Jan_7/Linux-Test-Framework/output/host/include -DHAVE_EXPAT_CONFIG_H conftest.c >&5
configure:16994: $? = 0
configure:16994: result: yes
configure:16994: checking fcntl.h presence
configure:16994: /usr/bin/cpp -I/home/epl/Jan_7/Linux-Test-Framework/output/host/include -DHAVE_EXPAT_CONFIG_H conftest.c
configure:16994: $? = 0
configure:16994: result: yes
configure:16994: checking for fcntl.h
configure:16994: result: yes
configure:16994: checking for unistd.h
configure:16994: result: yes
configure:17004: checking for off_t
configure:17004: /usr/bin/gcc -c -O2 -I/home/epl/Jan_7/Linux-Test-Framework/output/host/include -Wall -Wmissing-prototypes -Wstrict-prototypes -fexceptions -fno-strict-aliasing -I/home/epl/Jan_7/Linux-Test-Framework/output/host/include -DHAVE_EXPAT_CONFIG_H conftest.c >&5
conftest.c:64:1: warning: function declaration isn't a prototype [-Wstrict-prototypes]
 main ()
 ^
configure:17004: $? = 0
configure:17004: /usr/bin/gcc -c -O2 -I/home/epl/Jan_7/Linux-Test-Framework/output/host/include -Wall -Wmissing-prototypes -Wstrict-prototypes -fexceptions -fno-strict-aliasing -I/home/epl/Jan_7/Linux-Test-Framework/output/host/include -DHAVE_EXPAT_CONFIG_H conftest.c >&5
conftest.c:64:1: warning: function declaration isn't a prototype [-Wstrict-prototypes]
 main ()
 ^
conftest.c: In function 'main':
conftest.c:66:20: error: expected expression before ')' token
 if (sizeof ((off_t)))
                    ^
configure:17004: $? = 1
configure: failed program was:
| /* confdefs.h */
| #define PACKAGE_NAME "expat"
| #define PACKAGE_TARNAME "expat"
| #define PACKAGE_VERSION "2.2.5"
| #define PACKAGE_STRING "expat 2.2.5"
| #define PACKAGE_BUGREPORT "expat-bugs@libexpat.org"
| #define PACKAGE_URL ""
| #define PACKAGE "expat"
| #define VERSION "2.2.5"
| #define STDC_HEADERS 1
| #define HAVE_SYS_TYPES_H 1
| #define HAVE_SYS_STAT_H 1
| #define HAVE_STDLIB_H 1
| #define HAVE_STRING_H 1
| #define HAVE_MEMORY_H 1
| #define HAVE_STRINGS_H 1
| #define HAVE_INTTYPES_H 1
| #define HAVE_STDINT_H 1
| #define HAVE_UNISTD_H 1
| #define HAVE_DLFCN_H 1
| #define LT_OBJDIR ".libs/"
| #define STDC_HEADERS 1
| #define BYTEORDER 1234
| #define HAVE_MEMMOVE 1
| #define HAVE_BCOPY 1
| #define HAVE_SYSCALL_GETRANDOM 1
| #define HAVE_FCNTL_H 1
| #define HAVE_UNISTD_H 1
| /* end confdefs.h.  */
| #include <stdio.h>
| #ifdef HAVE_SYS_TYPES_H
| # include <sys/types.h>
| #endif
| #ifdef HAVE_SYS_STAT_H
| # include <sys/stat.h>
| #endif
| #ifdef STDC_HEADERS
| # include <stdlib.h>
| # include <stddef.h>
| #else
| # ifdef HAVE_STDLIB_H
| #  include <stdlib.h>
| # endif
| #endif
| #ifdef HAVE_STRING_H
| # if !defined STDC_HEADERS && defined HAVE_MEMORY_H
| #  include <memory.h>
| # endif
| # include <string.h>
| #endif
| #ifdef HAVE_STRINGS_H
| # include <strings.h>
| #endif
| #ifdef HAVE_INTTYPES_H
| # include <inttypes.h>
| #endif
| #ifdef HAVE_STDINT_H
| # include <stdint.h>
| #endif
| #ifdef HAVE_UNISTD_H
| # include <unistd.h>
| #endif
| int
| main ()
| {
| if (sizeof ((off_t)))
| 	    return 0;
|   ;
|   return 0;
| }
configure:17004: result: yes
configure:17021: checking for stdlib.h
configure:17021: result: yes
configure:17021: checking for unistd.h
configure:17021: result: yes
configure:17021: checking for sys/param.h
configure:17021: /usr/bin/gcc -c -O2 -I/home/epl/Jan_7/Linux-Test-Framework/output/host/include -Wall -Wmissing-prototypes -Wstrict-prototypes -fexceptions -fno-strict-aliasing -I/home/epl/Jan_7/Linux-Test-Framework/output/host/include -DHAVE_EXPAT_CONFIG_H conftest.c >&5
configure:17021: $? = 0
configure:17021: result: yes
configure:17041: checking for getpagesize
configure:17041: /usr/bin/gcc -o conftest -O2 -I/home/epl/Jan_7/Linux-Test-Framework/output/host/include -Wall -Wmissing-prototypes -Wstrict-prototypes -fexceptions -fno-strict-aliasing -I/home/epl/Jan_7/Linux-Test-Framework/output/host/include -DHAVE_EXPAT_CONFIG_H -L/home/epl/Jan_7/Linux-Test-Framework/output/host/lib -Wl,-rpath,/home/epl/Jan_7/Linux-Test-Framework/output/host/lib -fno-strict-aliasing conftest.c  >&5
conftest.c:56:1: warning: function declaration isn't a prototype [-Wstrict-prototypes]
 char getpagesize ();
 ^
conftest.c:65:1: warning: function declaration isn't a prototype [-Wstrict-prototypes]
 main ()
 ^
configure:17041: $? = 0
configure:17041: result: yes
configure:17050: checking for working mmap
configure:17197: /usr/bin/gcc -o conftest -O2 -I/home/epl/Jan_7/Linux-Test-Framework/output/host/include -Wall -Wmissing-prototypes -Wstrict-prototypes -fexceptions -fno-strict-aliasing -I/home/epl/Jan_7/Linux-Test-Framework/output/host/include -DHAVE_EXPAT_CONFIG_H -L/home/epl/Jan_7/Linux-Test-Framework/output/host/lib -Wl,-rpath,/home/epl/Jan_7/Linux-Test-Framework/output/host/lib -fno-strict-aliasing conftest.c  >&5
conftest.c:132:1: warning: function declaration isn't a prototype [-Wstrict-prototypes]
 main ()
 ^
configure:17197: $? = 0
configure:17197: ./conftest
configure:17197: $? = 0
configure:17207: result: yes
configure:17271: checking for docbook2x-man
configure:17301: result: no
configure:17271: checking for docbook2man
configure:17287: found /usr/bin/docbook2man
configure:17298: result: docbook2man
configure:17437: checking that generated files are newer than configure
configure:17443: result: done
configure:17486: creating ./config.status

## ---------------------- ##
## Running config.status. ##
## ---------------------- ##

This file was extended by expat config.status 2.2.5, which was
generated by GNU Autoconf 2.69.  Invocation command line was

  CONFIG_FILES    = 
  CONFIG_HEADERS  = 
  CONFIG_LINKS    = 
  CONFIG_COMMANDS = 
  $ ./config.status 

on ERS-EPL-DS-E06995E6B25F

config.status:1185: creating Makefile
config.status:1185: creating expat.pc
config.status:1185: creating doc/Makefile
config.status:1185: creating examples/Makefile
config.status:1185: creating lib/Makefile
config.status:1185: creating tests/Makefile
config.status:1185: creating tests/benchmark/Makefile
config.status:1185: creating xmlwf/Makefile
config.status:1185: creating run.sh
config.status:1185: creating expat_config.h
config.status:1414: executing depfiles commands
config.status:1414: executing libtool commands
configure:19904: WARNING: unrecognized options: --disable-gtk-doc, --disable-gtk-doc-html, --disable-doc, --disable-docs, --disable-documentation, --disable-debug, --with-xmlto, --with-fop

## ---------------- ##
## Cache variables. ##
## ---------------- ##

ac_cv_build=x86_64-pc-linux-gnu
ac_cv_c_bigendian=no
ac_cv_c_compiler_gnu=yes
ac_cv_c_const=yes
ac_cv_cxx_compiler_gnu=yes
ac_cv_env_CCC_set=
ac_cv_env_CCC_value=
ac_cv_env_CC_set=set
ac_cv_env_CC_value=/usr/bin/gcc
ac_cv_env_CFLAGS_set=set
ac_cv_env_CFLAGS_value='-O2 -I/home/epl/Jan_7/Linux-Test-Framework/output/host/include'
ac_cv_env_CPPFLAGS_set=set
ac_cv_env_CPPFLAGS_value=-I/home/epl/Jan_7/Linux-Test-Framework/output/host/include
ac_cv_env_CPP_set=set
ac_cv_env_CPP_value=/usr/bin/cpp
ac_cv_env_CXXCPP_set=
ac_cv_env_CXXCPP_value=
ac_cv_env_CXXFLAGS_set=set
ac_cv_env_CXXFLAGS_value='-O2 -I/home/epl/Jan_7/Linux-Test-Framework/output/host/include'
ac_cv_env_CXX_set=set
ac_cv_env_CXX_value=/usr/bin/g++
ac_cv_env_DOCBOOK_TO_MAN_set=
ac_cv_env_DOCBOOK_TO_MAN_value=
ac_cv_env_LDFLAGS_set=set
ac_cv_env_LDFLAGS_value='-L/home/epl/Jan_7/Linux-Test-Framework/output/host/lib -Wl,-rpath,/home/epl/Jan_7/Linux-Test-Framework/output/host/lib'
ac_cv_env_LIBS_set=
ac_cv_env_LIBS_value=
ac_cv_env_LT_SYS_LIBRARY_PATH_set=
ac_cv_env_LT_SYS_LIBRARY_PATH_value=
ac_cv_env_build_alias_set=
ac_cv_env_build_alias_value=
ac_cv_env_host_alias_set=
ac_cv_env_host_alias_value=
ac_cv_env_target_alias_set=
ac_cv_env_target_alias_value=
ac_cv_func_bcopy=yes
ac_cv_func_getpagesize=yes
ac_cv_func_memmove=yes
ac_cv_func_mmap_fixed_mapped=yes
ac_cv_header_dlfcn_h=yes
ac_cv_header_fcntl_h=yes
ac_cv_header_inttypes_h=yes
ac_cv_header_memory_h=yes
ac_cv_header_stdc=yes
ac_cv_header_stdint_h=yes
ac_cv_header_stdlib_h=yes
ac_cv_header_string_h=yes
ac_cv_header_strings_h=yes
ac_cv_header_sys_param_h=yes
ac_cv_header_sys_stat_h=yes
ac_cv_header_sys_types_h=yes
ac_cv_header_unistd_h=yes
ac_cv_host=x86_64-pc-linux-gnu
ac_cv_objext=o
ac_cv_path_EGREP='/bin/grep -E'
ac_cv_path_FGREP='/bin/grep -F'
ac_cv_path_GREP=/bin/grep
ac_cv_path_SED=/bin/sed
ac_cv_path_install='/usr/bin/install -c'
ac_cv_path_lt_DD=/bin/dd
ac_cv_path_mkdir=/bin/mkdir
ac_cv_prog_AWK=gawk
ac_cv_prog_CPP=/usr/bin/cpp
ac_cv_prog_CXXCPP='/usr/bin/g++ -E'
ac_cv_prog_DOCBOOK_TO_MAN=docbook2man
ac_cv_prog_ac_ct_CC=/usr/bin/gcc
ac_cv_prog_ac_ct_DLLTOOL=dlltool
ac_cv_prog_ac_ct_MANIFEST_TOOL=mt
ac_cv_prog_ac_ct_OBJDUMP=objdump
ac_cv_prog_ac_ct_RANLIB=/usr/bin/ranlib
ac_cv_prog_ac_ct_STRIP=strip
ac_cv_prog_cc_c89=
ac_cv_prog_cc_c99=
ac_cv_prog_cc_g=yes
ac_cv_prog_cxx_g=yes
ac_cv_prog_make_make_set=yes
ac_cv_type_off_t=yes
ac_cv_type_size_t=yes
am_cv_CC_dependencies_compiler_type=none
am_cv_CXX_dependencies_compiler_type=none
am_cv_make_support_nested_variables=yes
am_cv_prog_cc_c_o=yes
lt_cv_ar_at_file=@
lt_cv_archive_cmds_need_lc=no
lt_cv_deplibs_check_method=pass_all
lt_cv_file_magic_cmd='$MAGIC_CMD'
lt_cv_file_magic_test_file=
lt_cv_ld_reload_flag=-r
lt_cv_nm_interface='BSD nm'
lt_cv_objdir=.libs
lt_cv_path_LD=/usr/bin/ld
lt_cv_path_LDCXX='/usr/bin/ld -m elf_x86_64'
lt_cv_path_NM=/usr/bin/nm
lt_cv_path_mainfest_tool=no
lt_cv_prog_compiler_c_o=yes
lt_cv_prog_compiler_c_o_CXX=yes
lt_cv_prog_compiler_pic='-fPIC -DPIC'
lt_cv_prog_compiler_pic_CXX='-fPIC -DPIC'
lt_cv_prog_compiler_pic_works=yes
lt_cv_prog_compiler_pic_works_CXX=yes
lt_cv_prog_compiler_rtti_exceptions=no
lt_cv_prog_compiler_static_works=yes
lt_cv_prog_compiler_static_works_CXX=yes
lt_cv_prog_gnu_ld=yes
lt_cv_prog_gnu_ldcxx=yes
lt_cv_sharedlib_from_linklib_cmd='printf %s\n'
lt_cv_shlibpath_overrides_runpath=no
lt_cv_sys_global_symbol_pipe='sed -n -e '\''s/^.*[	 ]\([ABCDGIRSTW][ABCDGIRSTW]*\)[	 ][	 ]*\([_A-Za-z][_A-Za-z0-9]*\)$/\1 \2 \2/p'\'' | sed '\''/ __gnu_lto/d'\'''
lt_cv_sys_global_symbol_to_c_name_address='sed -n -e '\''s/^: \(.*\) .*$/  {"\1", (void *) 0},/p'\'' -e '\''s/^[ABCDGIRSTW][ABCDGIRSTW]* .* \(.*\)$/  {"\1", (void *) \&\1},/p'\'''
lt_cv_sys_global_symbol_to_c_name_address_lib_prefix='sed -n -e '\''s/^: \(.*\) .*$/  {"\1", (void *) 0},/p'\'' -e '\''s/^[ABCDGIRSTW][ABCDGIRSTW]* .* \(lib.*\)$/  {"\1", (void *) \&\1},/p'\'' -e '\''s/^[ABCDGIRSTW][ABCDGIRSTW]* .* \(.*\)$/  {"lib\1", (void *) \&\1},/p'\'''
lt_cv_sys_global_symbol_to_cdecl='sed -n -e '\''s/^T .* \(.*\)$/extern int \1();/p'\'' -e '\''s/^[ABCDGIRSTW][ABCDGIRSTW]* .* \(.*\)$/extern char \1;/p'\'''
lt_cv_sys_global_symbol_to_import=
lt_cv_sys_max_cmd_len=1572864
lt_cv_to_host_file_cmd=func_convert_file_noop
lt_cv_to_tool_file_cmd=func_convert_file_noop
lt_cv_truncate_bin='/bin/dd bs=4096 count=1'

## ----------------- ##
## Output variables. ##
## ----------------- ##

ACLOCAL='${SHELL} /home/epl/Jan_7/Linux-Test-Framework/output/build/host-expat-2.2.5/conftools/missing aclocal-1.15'
AMDEPBACKSLASH=''
AMDEP_FALSE=''
AMDEP_TRUE='#'
AMTAR='$${TAR-tar}'
AM_BACKSLASH='\'
AM_DEFAULT_V='$(AM_DEFAULT_VERBOSITY)'
AM_DEFAULT_VERBOSITY='1'
AM_V='$(V)'
AR='/usr/bin/ar'
AS='/usr/bin/as'
AUTOCONF='${SHELL} /home/epl/Jan_7/Linux-Test-Framework/output/build/host-expat-2.2.5/conftools/missing autoconf'
AUTOHEADER='${SHELL} /home/epl/Jan_7/Linux-Test-Framework/output/build/host-expat-2.2.5/conftools/missing autoheader'
AUTOMAKE='${SHELL} /home/epl/Jan_7/Linux-Test-Framework/output/build/host-expat-2.2.5/conftools/missing automake-1.15'
AWK='gawk'
CC='/usr/bin/gcc'
CCDEPMODE='depmode=none'
CFLAGS='-O2 -I/home/epl/Jan_7/Linux-Test-Framework/output/host/include -Wall -Wmissing-prototypes -Wstrict-prototypes -fexceptions -fno-strict-aliasing'
CPP='/usr/bin/cpp'
CPPFLAGS='-I/home/epl/Jan_7/Linux-Test-Framework/output/host/include -DHAVE_EXPAT_CONFIG_H'
CXX='/usr/bin/g++'
CXXCPP='/usr/bin/g++ -E'
CXXDEPMODE='depmode=none'
CXXFLAGS='-O2 -I/home/epl/Jan_7/Linux-Test-Framework/output/host/include -fno-strict-aliasing'
CYGPATH_W='echo'
DEFS='-DHAVE_CONFIG_H'
DEPDIR='.deps'
DLLTOOL='dlltool'
DOCBOOK_TO_MAN='docbook2man'
DSYMUTIL=''
DUMPBIN=''
ECHO_C=''
ECHO_N='-n'
ECHO_T=''
EGREP='/bin/grep -E'
EXEEXT=''
FGREP='/bin/grep -F'
FILEMAP='unixfilemap'
GREP='/bin/grep'
INSTALL_DATA='${INSTALL} -m 644'
INSTALL_PROGRAM='${INSTALL}'
INSTALL_SCRIPT='${INSTALL}'
INSTALL_STRIP_PROGRAM='$(install_sh) -c -s'
LD='/usr/bin/ld -m elf_x86_64'
LDFLAGS='-L/home/epl/Jan_7/Linux-Test-Framework/output/host/lib -Wl,-rpath,/home/epl/Jan_7/Linux-Test-Framework/output/host/lib -fno-strict-aliasing'
LIBAGE='6'
LIBCURRENT='7'
LIBOBJS=''
LIBREVISION='7'
LIBS=''
LIBTOOL='$(SHELL) $(top_builddir)/libtool'
LIPO=''
LN_S='ln -s'
LTLIBOBJS=''
LT_SYS_LIBRARY_PATH=''
MAKEINFO='${SHELL} /home/epl/Jan_7/Linux-Test-Framework/output/build/host-expat-2.2.5/conftools/missing makeinfo'
MANIFEST_TOOL=':'
MINGW_FALSE=''
MINGW_TRUE='#'
MKDIR_P='/bin/mkdir -p'
NM='/usr/bin/nm'
NMEDIT=''
OBJDUMP='objdump'
OBJEXT='o'
OTOOL64=''
OTOOL=''
PACKAGE='expat'
PACKAGE_BUGREPORT='expat-bugs@libexpat.org'
PACKAGE_NAME='expat'
PACKAGE_STRING='expat 2.2.5'
PACKAGE_TARNAME='expat'
PACKAGE_URL=''
PACKAGE_VERSION='2.2.5'
PATH_SEPARATOR=':'
RANLIB='/usr/bin/ranlib'
SED='/bin/sed'
SET_MAKE=''
SHELL='/bin/bash'
STRIP='strip'
UNICODE_FALSE=''
UNICODE_TRUE='#'
VERSION='2.2.5'
WITH_DOCBOOK_FALSE='#'
WITH_DOCBOOK_TRUE=''
WITH_XMLWF_FALSE='#'
WITH_XMLWF_TRUE=''
ac_ct_AR=''
ac_ct_CC='/usr/bin/gcc'
ac_ct_CXX=''
ac_ct_DUMPBIN=''
am__EXEEXT_FALSE=''
am__EXEEXT_TRUE='#'
am__fastdepCC_FALSE=''
am__fastdepCC_TRUE='#'
am__fastdepCXX_FALSE=''
am__fastdepCXX_TRUE='#'
am__include='include'
am__isrc=''
am__leading_dot='.'
am__nodep=''
am__quote=''
am__tar='$${TAR-tar} chof - "$$tardir"'
am__untar='$${TAR-tar} xf -'
bindir='${exec_prefix}/bin'
build='x86_64-pc-linux-gnu'
build_alias=''
build_cpu='x86_64'
build_os='linux-gnu'
build_vendor='pc'
datadir='${datarootdir}'
datarootdir='${prefix}/share'
docdir='${datarootdir}/doc/${PACKAGE_TARNAME}'
dvidir='${docdir}'
exec_prefix='${prefix}'
host='x86_64-pc-linux-gnu'
host_alias=''
host_cpu='x86_64'
host_os='linux-gnu'
host_vendor='pc'
htmldir='${docdir}'
includedir='${prefix}/include'
infodir='${datarootdir}/info'
install_sh='${SHELL} /home/epl/Jan_7/Linux-Test-Framework/output/build/host-expat-2.2.5/conftools/install-sh'
libdir='${exec_prefix}/lib'
libexecdir='${exec_prefix}/libexec'
localedir='${datarootdir}/locale'
localstatedir='/home/epl/Jan_7/Linux-Test-Framework/output/host/var'
mandir='${datarootdir}/man'
mkdir_p='$(MKDIR_P)'
oldincludedir='/usr/include'
pdfdir='${docdir}'
prefix='/home/epl/Jan_7/Linux-Test-Framework/output/host'
program_transform_name='s,x,x,'
psdir='${docdir}'
sbindir='${exec_prefix}/sbin'
sharedstatedir='${prefix}/com'
sysconfdir='/home/epl/Jan_7/Linux-Test-Framework/output/host/etc'
target_alias=''

## ----------- ##
## confdefs.h. ##
## ----------- ##

/* confdefs.h */
#define PACKAGE_NAME "expat"
#define PACKAGE_TARNAME "expat"
#define PACKAGE_VERSION "2.2.5"
#define PACKAGE_STRING "expat 2.2.5"
#define PACKAGE_BUGREPORT "expat-bugs@libexpat.org"
#define PACKAGE_URL ""
#define PACKAGE "expat"
#define VERSION "2.2.5"
#define STDC_HEADERS 1
#define HAVE_SYS_TYPES_H 1
#define HAVE_SYS_STAT_H 1
#define HAVE_STDLIB_H 1
#define HAVE_STRING_H 1
#define HAVE_MEMORY_H 1
#define HAVE_STRINGS_H 1
#define HAVE_INTTYPES_H 1
#define HAVE_STDINT_H 1
#define HAVE_UNISTD_H 1
#define HAVE_DLFCN_H 1
#define LT_OBJDIR ".libs/"
#define STDC_HEADERS 1
#define BYTEORDER 1234
#define HAVE_MEMMOVE 1
#define HAVE_BCOPY 1
#define HAVE_SYSCALL_GETRANDOM 1
#define HAVE_FCNTL_H 1
#define HAVE_UNISTD_H 1
#define HAVE_STDLIB_H 1
#define HAVE_UNISTD_H 1
#define HAVE_SYS_PARAM_H 1
#define HAVE_GETPAGESIZE 1
#define HAVE_MMAP 1
#define XML_NS 1
#define XML_DTD 1
#define XML_DEV_URANDOM 1
#define XML_CONTEXT_BYTES 1024

configure: exit 0
